<?xml version="1.0" encoding="UTF-8"?>
<!-- Generated by org.testng.reporters.JUnitXMLReporter -->
<testsuite ignored="0" hostname="Nihala" failures="0" tests="4" name="Test" time="0.144" errors="0" timestamp="2025-02-04T17:59:46 IST">
  <testcase classname="testscript.Base" name="@BeforeMethod beforeMethod" time="-1.738672185744E9">
    <failure type="org.testng.TestNGException" message="
Parameter &amp;apos;browzer&amp;apos; is required by BeforeMethod on method beforeMethod but has not been marked @Optional or defined
in D:\NIHALA\Eclipse Programs\7rMartSuperMarket\extendreport.xml">
      <![CDATA[org.testng.TestNGException: 
Parameter 'browzer' is required by BeforeMethod on method beforeMethod but has not been marked @Optional or defined
in D:\NIHALA\Eclipse Programs\7rMartSuperMarket\extendreport.xml
at java.base/java.util.ArrayList.forEach(ArrayList.java:1511)
... Removed 28 stack frames]]>
    </failure>
  </testcase> <!-- @BeforeMethod beforeMethod -->
  <testcase classname="testscript.Base" name="@AfterMethod afterMethod" time="0.0">
    <skipped/>
  </testcase> <!-- @AfterMethod afterMethod -->
  <testcase classname="testscript.Base" name="@BeforeMethod beforeMethod" time="0.0">
    <skipped/>
  </testcase> <!-- @BeforeMethod beforeMethod -->
  <testcase classname="testscript.Base" name="@AfterMethod afterMethod" time="0.0">
    <skipped/>
  </testcase> <!-- @AfterMethod afterMethod -->
  <testcase classname="testscript.Base" name="@BeforeMethod beforeMethod" time="0.0">
    <skipped/>
  </testcase> <!-- @BeforeMethod beforeMethod -->
  <testcase classname="testscript.Base" name="@AfterMethod afterMethod" time="0.0">
    <skipped/>
  </testcase> <!-- @AfterMethod afterMethod -->
  <testcase classname="testscript.Base" name="@BeforeMethod beforeMethod" time="0.0">
    <skipped/>
  </testcase> <!-- @BeforeMethod beforeMethod -->
  <testcase classname="testscript.Base" name="@AfterMethod afterMethod" time="0.0">
    <skipped/>
  </testcase> <!-- @AfterMethod afterMethod -->
  <testcase classname="testscript.LoginPageTest" name="verifyCorrectUsernameAndInvalidPassword" time="0.0">
    <skipped/>
  </testcase> <!-- verifyCorrectUsernameAndInvalidPassword -->
  <testcase classname="testscript.LoginPageTest" name="verifyCorrectUsernameAndPassword" time="0.007">
    <skipped/>
  </testcase> <!-- verifyCorrectUsernameAndPassword -->
  <testcase classname="testscript.LoginPageTest" name="verifyInvalidUsernameAndCorrectPassword" time="0.001">
    <skipped/>
  </testcase> <!-- verifyInvalidUsernameAndCorrectPassword -->
  <testcase classname="testscript.LoginPageTest" name="verifyInvalidUsernameAndPassword" time="0.001">
    <skipped/>
  </testcase> <!-- verifyInvalidUsernameAndPassword -->
</testsuite> <!-- Test -->
