<?xml version="1.0" encoding="UTF-8"?>
<!-- Generated by org.testng.reporters.JUnitXMLReporter -->
<testsuite ignored="0" hostname="Nihala" failures="1" tests="6" name="ChromeTest" time="22.387" errors="0" timestamp="2025-02-04T17:59:06 IST">
  <testcase classname="testscript.Base" name="@AfterMethod afterMethod" time="0.002">
    <failure type="java.lang.Error" message="Unresolved compilation problems: 
	Type mismatch: cannot convert from File to File
	The constructor File(String) is undefined
	The method exists() is undefined for the type File
	The method mkdirs() is undefined for the type File
	The constructor File(String) is undefined
	The method copy(File, File) is undefined for the type FileHandler
">
      <![CDATA[java.lang.Error: Unresolved compilation problems: 
Type mismatch: cannot convert from File to File
The constructor File(String) is undefined
The method exists() is undefined for the type File
The method mkdirs() is undefined for the type File
The constructor File(String) is undefined
The method copy(File, File) is undefined for the type FileHandler

at utilities.ScreenshotUtility.captureFailureScreenShot(ScreenshotUtility.java:19)
at testscript.Base.afterMethod(Base.java:61)
at java.base/java.util.concurrent.ThreadPoolExecutor.runWorker(ThreadPoolExecutor.java:1136)
at java.base/java.util.concurrent.ThreadPoolExecutor$Worker.run(ThreadPoolExecutor.java:635)
at java.base/java.lang.Thread.run(Thread.java:833)
... Removed 17 stack frames]]>
    </failure>
  </testcase> <!-- @AfterMethod afterMethod -->
  <testcase classname="testscript.Base" name="@BeforeMethod beforeMethod" time="0.0">
    <skipped/>
  </testcase> <!-- @BeforeMethod beforeMethod -->
  <testcase classname="testscript.Base" name="@AfterMethod afterMethod" time="0.0">
    <skipped/>
  </testcase> <!-- @AfterMethod afterMethod -->
  <testcase classname="testscript.Base" name="@BeforeMethod beforeMethod" time="0.0">
    <skipped/>
  </testcase> <!-- @BeforeMethod beforeMethod -->
  <testcase classname="testscript.Base" name="@AfterMethod afterMethod" time="0.0">
    <skipped/>
  </testcase> <!-- @AfterMethod afterMethod -->
  <testcase classname="testscript.Base" name="@BeforeMethod beforeMethod" time="0.0">
    <skipped/>
  </testcase> <!-- @BeforeMethod beforeMethod -->
  <testcase classname="testscript.Base" name="@AfterMethod afterMethod" time="0.0">
    <skipped/>
  </testcase> <!-- @AfterMethod afterMethod -->
  <testcase classname="testscript.LoginPageTest" name="verifyCorrectUsernameAndInvalidPassword" time="0.821">
    <failure type="java.lang.NullPointerException" message="Cannot invoke &amp;quot;org.apache.poi.xssf.usermodel.XSSFSheet.getRow(int)&amp;quot; because &amp;quot;utilities.ExcelUtility.sh&amp;quot; is null">
      <![CDATA[java.lang.NullPointerException: Cannot invoke "org.apache.poi.xssf.usermodel.XSSFSheet.getRow(int)" because "utilities.ExcelUtility.sh" is null
at utilities.ExcelUtility.readStringData(ExcelUtility.java:27)
at testscript.LoginPageTest.verifyCorrectUsernameAndInvalidPassword(LoginPageTest.java:43)
at java.base/java.util.concurrent.ThreadPoolExecutor.runWorker(ThreadPoolExecutor.java:1136)
at java.base/java.util.concurrent.ThreadPoolExecutor$Worker.run(ThreadPoolExecutor.java:635)
at java.base/java.lang.Thread.run(Thread.java:833)
... Removed 12 stack frames]]>
    </failure>
  </testcase> <!-- verifyCorrectUsernameAndInvalidPassword -->
  <testcase classname="testscript.LoginPageTest" name="verifyCorrectUsernameAndPassword" time="0.0">
    <skipped/>
  </testcase> <!-- verifyCorrectUsernameAndPassword -->
  <testcase classname="testscript.LoginPageTest" name="verifyInvalidUsernameAndCorrectPassword" time="0.0">
    <skipped/>
  </testcase> <!-- verifyInvalidUsernameAndCorrectPassword -->
  <testcase classname="testscript.LoginPageTest" name="verifyInvalidUsernameAndPassword" time="0.0">
    <skipped/>
  </testcase> <!-- verifyInvalidUsernameAndPassword -->
  <testcase classname="testscript.AdminUserTest" name="newAdminUserCreation" time="4.904"/>
  <testcase classname="testscript.AdminUserTest" name="searchUser" time="2.062"/>
</testsuite> <!-- ChromeTest -->
